
> glen-echo-website@0.1.0 dev
> next dev --turbopack

   ▲ Next.js 15.3.3 (Turbopack)
   - Local:        http://localhost:3000
   - Network:      http://192.168.1.89:3000
   - Environments: .env.local

 ✓ Starting...
Creating turbopack project {
  dir: '/Users/andrewhinger/Documents/Glen Echo Website',
  testMode: true
}
 ✓ Ready in 598ms
 ○ Compiling / ...

thread 'tokio-runtime-worker' panicked at turbopack/crates/turbo-tasks-fs/src/glob.rs:228:35:
byte index 5 is not a char boundary; it is inside '”' (bytes 4..7) of `venv”,vue}`
stack backtrace:
note: Some details are omitted, run with `RUST_BACKTRACE=full` for a verbose backtrace.
 ✓ Compiled / in 586ms
 ✓ Compiled /_error in 336ms
 GET / 500 in 995ms
 GET / 500 in 737ms
 GET / 500 in 807ms
